*** Starting uWSGI 2.0.19.1 (64bit) on [Mon Dec  7 19:59:51 2020] ***
compiled with version: 9.3.0 on 05 December 2020 11:59:42
os: Linux-5.4.0-1029-aws #30-Ubuntu SMP Tue Oct 20 10:06:38 UTC 2020
nodename: ip-172-31-60-239
machine: x86_64
clock source: unix
detected number of CPU cores: 2
current working directory: /home/ubuntu/tweet_sentiment
detected binary path: /home/ubuntu/twsent/bin/uwsgi
!!! no internal routing support, rebuild with pcre support !!!
your processes number limit is 31806
your memory page size is 4096 bytes
detected max file descriptor number: 1024
lock engine: pthread robust mutexes
thunder lock: disabled (you can enable it with --thunder-lock)
uwsgi socket 0 bound to UNIX address tweetsa.sock fd 3
Python version: 3.8.5 (default, Jul 28 2020, 12:59:40)  [GCC 9.3.0]
*** Python threads support is disabled. You can enable it with --enable-threads ***
Python main interpreter initialized at 0x55a034a0bd20
your server socket listen backlog is limited to 100 connections
your mercy for graceful operations on workers is 60 seconds
mapped 437520 bytes (427 KB) for 5 cores
*** Operational MODE: preforking ***
/home/ubuntu/twsent/lib/python3.8/site-packages/torch/cuda/__init__.py:52: UserWarning: CUDA initialization: Found no NVIDIA driver on your system. Please check that you have an NVIDIA GPU and installed a driver from http://www.nvidia.com/Download/index.aspx (Triggered internally at  /pytorch/c10/cuda/CUDAFunctions.cpp:100.)
  return torch._C._cuda_getDeviceCount() > 0
WSGI app 0 (mountpoint='') ready in 1 seconds on interpreter 0x55a034a0bd20 pid: 8629 (default app)
*** uWSGI is running in multiple interpreter mode ***
spawned uWSGI master process (pid: 8629)
spawned uWSGI worker 1 (pid: 8647, cores: 1)
spawned uWSGI worker 2 (pid: 8648, cores: 1)
spawned uWSGI worker 3 (pid: 8649, cores: 1)
spawned uWSGI worker 4 (pid: 8650, cores: 1)
spawned uWSGI worker 5 (pid: 8651, cores: 1)
[pid: 8651|app: 0|req: 1/1] 114.134.27.110 () {46 vars in 842 bytes} [Mon Dec  7 20:07:19 2020] GET / => generated 629 bytes in 11 msecs (HTTP/1.1 200) 2 headers in 80 bytes (1 switches on core 0)
